Copyright 1986-2018 Xilinx, Inc. All Rights Reserved.
----------------------------------------------------------------------------------------
| Tool Version : Vivado v.2018.2 (win64) Build 2258646 Thu Jun 14 20:03:12 MDT 2018
| Date         : Sat Sep 15 21:13:11 2018
| Host         : DESKTOP-VIRAJ running 64-bit major release  (build 9200)
| Command      : report_control_sets -verbose -file Sin_Pout_4b_control_sets_placed.rpt
| Design       : Sin_Pout_4b
| Device       : xc7z010
----------------------------------------------------------------------------------------

Control Set Information

Table of Contents
-----------------
1. Summary
2. Histogram
3. Flip-Flop Distribution
4. Detailed Control Set Information

1. Summary
----------

+----------------------------------------------------------+-------+
|                          Status                          | Count |
+----------------------------------------------------------+-------+
| Number of unique control sets                            |     2 |
| Unused register locations in slices containing registers |     2 |
+----------------------------------------------------------+-------+


2. Histogram
------------

+--------+--------------+
| Fanout | Control Sets |
+--------+--------------+
|      8 |            1 |
|     14 |            1 |
+--------+--------------+


3. Flip-Flop Distribution
-------------------------

+--------------+-----------------------+------------------------+-----------------+--------------+
| Clock Enable | Synchronous Set/Reset | Asynchronous Set/Reset | Total Registers | Total Slices |
+--------------+-----------------------+------------------------+-----------------+--------------+
| No           | No                    | No                     |               8 |            2 |
| No           | No                    | Yes                    |              14 |            1 |
| No           | Yes                   | No                     |               0 |            0 |
| Yes          | No                    | No                     |               0 |            0 |
| Yes          | No                    | Yes                    |               0 |            0 |
| Yes          | Yes                   | No                     |               0 |            0 |
+--------------+-----------------------+------------------------+-----------------+--------------+


4. Detailed Control Set Information
-----------------------------------

+----------------+---------------+-----------------------+------------------+----------------+
|  Clock Signal  | Enable Signal |    Set/Reset Signal   | Slice Load Count | Bel Load Count |
+----------------+---------------+-----------------------+------------------+----------------+
|  clk_IBUF_BUFG |               |                       |                2 |              8 |
|  clk_IBUF_BUFG |               | z1[0].f1.x1/x1/p_0_in |                1 |             14 |
+----------------+---------------+-----------------------+------------------+----------------+


