
*** Running vivado
    with args -log rpl_adder_4b.vds -m64 -product Vivado -mode batch -messageDb vivado.pb -notrace -source rpl_adder_4b.tcl


****** Vivado v2018.2 (64-bit)
  **** SW Build 2258646 on Thu Jun 14 20:03:12 MDT 2018
  **** IP Build 2256618 on Thu Jun 14 22:10:49 MDT 2018
    ** Copyright 1986-2018 Xilinx, Inc. All Rights Reserved.

source rpl_adder_4b.tcl -notrace
Command: synth_design -top rpl_adder_4b -part xc7z010clg400-1
Starting synth_design
Attempting to get a license for feature 'Synthesis' and/or device 'xc7z010'
INFO: [Common 17-349] Got license for feature 'Synthesis' and/or device 'xc7z010'
INFO: Launching helper process for spawning children vivado processes
INFO: Helper process launched with PID 31212 
---------------------------------------------------------------------------------
Starting Synthesize : Time (s): cpu = 00:00:03 ; elapsed = 00:00:03 . Memory (MB): peak = 371.844 ; gain = 98.410
---------------------------------------------------------------------------------
INFO: [Synth 8-638] synthesizing module 'rpl_adder_4b' [F:/A_viraj drive/AMtech/HDL/Practical/Practical 6/rpl_adder_4b/rpl_adder_4b.srcs/sources_1/new/rpl_adder_4b.vhd:42]
INFO: [Synth 8-3491] module 'fulladder' declared at 'F:/A_viraj drive/AMtech/HDL/Practical/Practical 6/rpl_adder_4b/rpl_adder_4b.srcs/sources_1/imports/new/fulladder.vhd:34' bound to instance 'x1' of component 'fulladder' [F:/A_viraj drive/AMtech/HDL/Practical/Practical 6/rpl_adder_4b/rpl_adder_4b.srcs/sources_1/new/rpl_adder_4b.vhd:55]
INFO: [Synth 8-638] synthesizing module 'fulladder' [F:/A_viraj drive/AMtech/HDL/Practical/Practical 6/rpl_adder_4b/rpl_adder_4b.srcs/sources_1/imports/new/fulladder.vhd:42]
INFO: [Synth 8-3491] module 'halfadder' declared at 'F:/A_viraj drive/AMtech/HDL/Practical/Practical 6/rpl_adder_4b/rpl_adder_4b.srcs/sources_1/imports/new/halfadder.vhd:34' bound to instance 'u1' of component 'halfadder' [F:/A_viraj drive/AMtech/HDL/Practical/Practical 6/rpl_adder_4b/rpl_adder_4b.srcs/sources_1/imports/new/fulladder.vhd:59]
INFO: [Synth 8-638] synthesizing module 'halfadder' [F:/A_viraj drive/AMtech/HDL/Practical/Practical 6/rpl_adder_4b/rpl_adder_4b.srcs/sources_1/imports/new/halfadder.vhd:41]
INFO: [Synth 8-256] done synthesizing module 'halfadder' (1#1) [F:/A_viraj drive/AMtech/HDL/Practical/Practical 6/rpl_adder_4b/rpl_adder_4b.srcs/sources_1/imports/new/halfadder.vhd:41]
INFO: [Synth 8-3491] module 'halfadder' declared at 'F:/A_viraj drive/AMtech/HDL/Practical/Practical 6/rpl_adder_4b/rpl_adder_4b.srcs/sources_1/imports/new/halfadder.vhd:34' bound to instance 'u2' of component 'halfadder' [F:/A_viraj drive/AMtech/HDL/Practical/Practical 6/rpl_adder_4b/rpl_adder_4b.srcs/sources_1/imports/new/fulladder.vhd:60]
INFO: [Synth 8-3491] module 'or_gate' declared at 'F:/A_viraj drive/AMtech/HDL/Practical/Practical 6/rpl_adder_4b/rpl_adder_4b.srcs/sources_1/imports/new/or_gate.vhd:34' bound to instance 'u3' of component 'or_gate' [F:/A_viraj drive/AMtech/HDL/Practical/Practical 6/rpl_adder_4b/rpl_adder_4b.srcs/sources_1/imports/new/fulladder.vhd:61]
INFO: [Synth 8-638] synthesizing module 'or_gate' [F:/A_viraj drive/AMtech/HDL/Practical/Practical 6/rpl_adder_4b/rpl_adder_4b.srcs/sources_1/imports/new/or_gate.vhd:40]
INFO: [Synth 8-256] done synthesizing module 'or_gate' (2#1) [F:/A_viraj drive/AMtech/HDL/Practical/Practical 6/rpl_adder_4b/rpl_adder_4b.srcs/sources_1/imports/new/or_gate.vhd:40]
INFO: [Synth 8-256] done synthesizing module 'fulladder' (3#1) [F:/A_viraj drive/AMtech/HDL/Practical/Practical 6/rpl_adder_4b/rpl_adder_4b.srcs/sources_1/imports/new/fulladder.vhd:42]
INFO: [Synth 8-3491] module 'fulladder' declared at 'F:/A_viraj drive/AMtech/HDL/Practical/Practical 6/rpl_adder_4b/rpl_adder_4b.srcs/sources_1/imports/new/fulladder.vhd:34' bound to instance 'x3' of component 'fulladder' [F:/A_viraj drive/AMtech/HDL/Practical/Practical 6/rpl_adder_4b/rpl_adder_4b.srcs/sources_1/new/rpl_adder_4b.vhd:63]
INFO: [Synth 8-3491] module 'fulladder' declared at 'F:/A_viraj drive/AMtech/HDL/Practical/Practical 6/rpl_adder_4b/rpl_adder_4b.srcs/sources_1/imports/new/fulladder.vhd:34' bound to instance 'x3' of component 'fulladder' [F:/A_viraj drive/AMtech/HDL/Practical/Practical 6/rpl_adder_4b/rpl_adder_4b.srcs/sources_1/new/rpl_adder_4b.vhd:63]
INFO: [Synth 8-3491] module 'fulladder' declared at 'F:/A_viraj drive/AMtech/HDL/Practical/Practical 6/rpl_adder_4b/rpl_adder_4b.srcs/sources_1/imports/new/fulladder.vhd:34' bound to instance 'x2' of component 'fulladder' [F:/A_viraj drive/AMtech/HDL/Practical/Practical 6/rpl_adder_4b/rpl_adder_4b.srcs/sources_1/new/rpl_adder_4b.vhd:59]
INFO: [Synth 8-256] done synthesizing module 'rpl_adder_4b' (4#1) [F:/A_viraj drive/AMtech/HDL/Practical/Practical 6/rpl_adder_4b/rpl_adder_4b.srcs/sources_1/new/rpl_adder_4b.vhd:42]
---------------------------------------------------------------------------------
Finished Synthesize : Time (s): cpu = 00:00:04 ; elapsed = 00:00:04 . Memory (MB): peak = 426.766 ; gain = 153.332
---------------------------------------------------------------------------------
---------------------------------------------------------------------------------
Finished Constraint Validation : Time (s): cpu = 00:00:04 ; elapsed = 00:00:04 . Memory (MB): peak = 426.766 ; gain = 153.332
---------------------------------------------------------------------------------
---------------------------------------------------------------------------------
Start Loading Part and Timing Information
---------------------------------------------------------------------------------
Loading part: xc7z010clg400-1
---------------------------------------------------------------------------------
Finished Loading Part and Timing Information : Time (s): cpu = 00:00:04 ; elapsed = 00:00:04 . Memory (MB): peak = 426.766 ; gain = 153.332
---------------------------------------------------------------------------------
INFO: [Device 21-403] Loading part xc7z010clg400-1
---------------------------------------------------------------------------------
Finished RTL Optimization Phase 2 : Time (s): cpu = 00:00:04 ; elapsed = 00:00:04 . Memory (MB): peak = 426.766 ; gain = 153.332
---------------------------------------------------------------------------------

Report RTL Partitions: 
+-+--------------+------------+----------+
| |RTL Partition |Replication |Instances |
+-+--------------+------------+----------+
+-+--------------+------------+----------+
No constraint files found.
---------------------------------------------------------------------------------
Start RTL Component Statistics 
---------------------------------------------------------------------------------
Detailed RTL Component Info : 
+---XORs : 
	   2 Input      1 Bit         XORs := 8     
---------------------------------------------------------------------------------
Finished RTL Component Statistics 
---------------------------------------------------------------------------------
---------------------------------------------------------------------------------
Start RTL Hierarchical Component Statistics 
---------------------------------------------------------------------------------
Hierarchical RTL Component report 
Module halfadder 
Detailed RTL Component Info : 
+---XORs : 
	   2 Input      1 Bit         XORs := 1     
---------------------------------------------------------------------------------
Finished RTL Hierarchical Component Statistics
---------------------------------------------------------------------------------
---------------------------------------------------------------------------------
Start Part Resource Summary
---------------------------------------------------------------------------------
Part Resources:
DSPs: 80 (col length:40)
BRAMs: 120 (col length: RAMB18 40 RAMB36 20)
---------------------------------------------------------------------------------
Finished Part Resource Summary
---------------------------------------------------------------------------------
No constraint files found.
---------------------------------------------------------------------------------
Start Cross Boundary and Area Optimization
---------------------------------------------------------------------------------
Warning: Parallel synthesis criteria is not met 
---------------------------------------------------------------------------------
Finished Cross Boundary and Area Optimization : Time (s): cpu = 00:00:09 ; elapsed = 00:00:10 . Memory (MB): peak = 559.137 ; gain = 285.703
---------------------------------------------------------------------------------

Report RTL Partitions: 
+-+--------------+------------+----------+
| |RTL Partition |Replication |Instances |
+-+--------------+------------+----------+
+-+--------------+------------+----------+
No constraint files found.
---------------------------------------------------------------------------------
Start Timing Optimization
---------------------------------------------------------------------------------
---------------------------------------------------------------------------------
Finished Timing Optimization : Time (s): cpu = 00:00:09 ; elapsed = 00:00:10 . Memory (MB): peak = 559.137 ; gain = 285.703
---------------------------------------------------------------------------------

Report RTL Partitions: 
+-+--------------+------------+----------+
| |RTL Partition |Replication |Instances |
+-+--------------+------------+----------+
+-+--------------+------------+----------+
---------------------------------------------------------------------------------
Start Technology Mapping
---------------------------------------------------------------------------------
---------------------------------------------------------------------------------
Finished Technology Mapping : Time (s): cpu = 00:00:09 ; elapsed = 00:00:10 . Memory (MB): peak = 559.137 ; gain = 285.703
---------------------------------------------------------------------------------

Report RTL Partitions: 
+-+--------------+------------+----------+
| |RTL Partition |Replication |Instances |
+-+--------------+------------+----------+
+-+--------------+------------+----------+
---------------------------------------------------------------------------------
Start IO Insertion
---------------------------------------------------------------------------------
---------------------------------------------------------------------------------
Start Flattening Before IO Insertion
---------------------------------------------------------------------------------
---------------------------------------------------------------------------------
Finished Flattening Before IO Insertion
---------------------------------------------------------------------------------
---------------------------------------------------------------------------------
Start Final Netlist Cleanup
---------------------------------------------------------------------------------
---------------------------------------------------------------------------------
Finished Final Netlist Cleanup
---------------------------------------------------------------------------------
---------------------------------------------------------------------------------
Finished IO Insertion : Time (s): cpu = 00:00:10 ; elapsed = 00:00:12 . Memory (MB): peak = 559.137 ; gain = 285.703
---------------------------------------------------------------------------------

Report Check Netlist: 
+------+------------------+-------+---------+-------+------------------+
|      |Item              |Errors |Warnings |Status |Description       |
+------+------------------+-------+---------+-------+------------------+
|1     |multi_driven_nets |      0|        0|Passed |Multi driven nets |
+------+------------------+-------+---------+-------+------------------+
---------------------------------------------------------------------------------
Start Renaming Generated Instances
---------------------------------------------------------------------------------
---------------------------------------------------------------------------------
Finished Renaming Generated Instances : Time (s): cpu = 00:00:10 ; elapsed = 00:00:12 . Memory (MB): peak = 559.137 ; gain = 285.703
---------------------------------------------------------------------------------

Report RTL Partitions: 
+-+--------------+------------+----------+
| |RTL Partition |Replication |Instances |
+-+--------------+------------+----------+
+-+--------------+------------+----------+
---------------------------------------------------------------------------------
Start Rebuilding User Hierarchy
---------------------------------------------------------------------------------
---------------------------------------------------------------------------------
Finished Rebuilding User Hierarchy : Time (s): cpu = 00:00:10 ; elapsed = 00:00:12 . Memory (MB): peak = 559.137 ; gain = 285.703
---------------------------------------------------------------------------------
---------------------------------------------------------------------------------
Start Renaming Generated Ports
---------------------------------------------------------------------------------
---------------------------------------------------------------------------------
Finished Renaming Generated Ports : Time (s): cpu = 00:00:10 ; elapsed = 00:00:12 . Memory (MB): peak = 559.137 ; gain = 285.703
---------------------------------------------------------------------------------
---------------------------------------------------------------------------------
Start Handling Custom Attributes
---------------------------------------------------------------------------------
---------------------------------------------------------------------------------
Finished Handling Custom Attributes : Time (s): cpu = 00:00:10 ; elapsed = 00:00:12 . Memory (MB): peak = 559.137 ; gain = 285.703
---------------------------------------------------------------------------------
---------------------------------------------------------------------------------
Start Renaming Generated Nets
---------------------------------------------------------------------------------
---------------------------------------------------------------------------------
Finished Renaming Generated Nets : Time (s): cpu = 00:00:10 ; elapsed = 00:00:12 . Memory (MB): peak = 559.137 ; gain = 285.703
---------------------------------------------------------------------------------
---------------------------------------------------------------------------------
Start Writing Synthesis Report
---------------------------------------------------------------------------------

Report BlackBoxes: 
+-+--------------+----------+
| |BlackBox name |Instances |
+-+--------------+----------+
+-+--------------+----------+

Report Cell Usage: 
+------+-----+------+
|      |Cell |Count |
+------+-----+------+
|1     |LUT3 |     2|
|2     |LUT5 |     4|
|3     |IBUF |     9|
|4     |OBUF |     5|
+------+-----+------+

Report Instance Areas: 
+------+---------+-------+------+
|      |Instance |Module |Cells |
+------+---------+-------+------+
|1     |top      |       |    20|
+------+---------+-------+------+
---------------------------------------------------------------------------------
Finished Writing Synthesis Report : Time (s): cpu = 00:00:10 ; elapsed = 00:00:12 . Memory (MB): peak = 559.137 ; gain = 285.703
---------------------------------------------------------------------------------
Synthesis finished with 0 errors, 0 critical warnings and 0 warnings.
Synthesis Optimization Runtime : Time (s): cpu = 00:00:10 ; elapsed = 00:00:12 . Memory (MB): peak = 559.137 ; gain = 285.703
Synthesis Optimization Complete : Time (s): cpu = 00:00:10 ; elapsed = 00:00:12 . Memory (MB): peak = 559.137 ; gain = 285.703
INFO: [Project 1-571] Translating synthesized netlist
INFO: [Netlist 29-17] Analyzing 9 Unisim elements for replacement
INFO: [Netlist 29-28] Unisim Transformation completed in 0 CPU seconds
INFO: [Project 1-570] Preparing netlist for logic optimization
INFO: [Opt 31-138] Pushed 0 inverter(s) to 0 load pin(s).
INFO: [Project 1-111] Unisim Transformation Summary:
No Unisim elements were transformed.

INFO: [Common 17-83] Releasing license: Synthesis
24 Infos, 0 Warnings, 0 Critical Warnings and 0 Errors encountered.
synth_design completed successfully
synth_design: Time (s): cpu = 00:00:15 ; elapsed = 00:00:18 . Memory (MB): peak = 664.348 ; gain = 403.492
WARNING: [Constraints 18-5210] No constraint will be written out.
INFO: [Common 17-1381] The checkpoint 'F:/A_viraj drive/AMtech/HDL/Practical/Practical 6/rpl_adder_4b/rpl_adder_4b.runs/synth_1/rpl_adder_4b.dcp' has been generated.
INFO: [runtcl-4] Executing : report_utilization -file rpl_adder_4b_utilization_synth.rpt -pb rpl_adder_4b_utilization_synth.pb
report_utilization: Time (s): cpu = 00:00:00 ; elapsed = 00:00:00.021 . Memory (MB): peak = 664.348 ; gain = 0.000
INFO: [Common 17-206] Exiting Vivado at Sat Sep 15 22:17:30 2018...
